<?xml version="1.0" encoding="UTF-8"?>
<testng-results total="2" passed="2" failed="0" skipped="0">
  <reporter-output>
  </reporter-output>
  <suite started-at="2022-10-17T07:07:28Z" name="Default suite" finished-at="2022-10-17T07:07:51Z" duration-ms="23112">
    <groups>
    </groups>
    <test started-at="2022-10-17T07:07:28Z" name="Default test" finished-at="2022-10-17T07:07:51Z" duration-ms="23112">
      <class name="mavendemo.Mavendemo1">
        <test-method is-config="true" signature="BT()[pri:0, instance:mavendemo.Mavendemo1@1f53a5dc]" started-at="2022-10-17T12:37:28Z" name="BT" finished-at="2022-10-17T12:37:42Z" duration-ms="13906" status="PASS">
          <reporter-output>
          </reporter-output>
        </test-method> <!-- BT -->
        <test-method signature="Test1()[pri:0, instance:mavendemo.Mavendemo1@1f53a5dc]" started-at="2022-10-17T12:37:42Z" name="Test1" finished-at="2022-10-17T12:37:45Z" duration-ms="3340" status="PASS">
          <reporter-output>
          </reporter-output>
        </test-method> <!-- Test1 -->
        <test-method signature="test9()[pri:0, instance:mavendemo.Mavendemo1@1f53a5dc]" started-at="2022-10-17T12:37:45Z" name="test9" finished-at="2022-10-17T12:37:51Z" duration-ms="5824" status="PASS">
          <reporter-output>
          </reporter-output>
        </test-method> <!-- test9 -->
      </class> <!-- mavendemo.Mavendemo1 -->
    </test> <!-- Default test -->
  </suite> <!-- Default suite -->
</testng-results>
