<?xml version="1.0" encoding="UTF-8"?>
<testng-results total="1" passed="1" failed="0" skipped="0">
  <reporter-output>
  </reporter-output>
  <suite started-at="2022-10-10T13:40:27Z" name="Surefire suite" finished-at="2022-10-10T13:40:55Z" duration-ms="27881">
    <groups>
    </groups>
    <test started-at="2022-10-10T13:40:27Z" name="Surefire test" finished-at="2022-10-10T13:40:55Z" duration-ms="27881">
      <class name="mavendemo.Mavendemo1">
        <test-method signature="Test1()[pri:0, instance:mavendemo.Mavendemo1@7c7b252e]" started-at="2022-10-10T19:10:27Z" name="Test1" finished-at="2022-10-10T19:10:55Z" duration-ms="27859" status="PASS">
          <reporter-output>
          </reporter-output>
        </test-method> <!-- Test1 -->
      </class> <!-- mavendemo.Mavendemo1 -->
    </test> <!-- Surefire test -->
  </suite> <!-- Surefire suite -->
</testng-results>
